2021-1-7T10:37:52


----------------------------------------------------
[聚阅读] [1.2.1] [2019.10.22.1800] 
[2019年10月23日 星期三 16时18分26秒 CST]
----------------------------------------------------
7481793 - chensheng12330@gmail.com, Tue Oct 22 18:31:50 2019 +0800 : 1、数据同步bug 2、图标问题？
6506559 - chensheng12330@gmail.com, Tue Oct 22 17:05:35 2019 +0800 : 1、完成icould数据同步功能的开发。 2、使用启动xib
514d31a - chensheng12330, Mon Oct 21 14:29:35 2019 +0800 : 修改有问题的文件路径
7fe74bb - chensheng12330, Fri Oct 18 20:43:22 2019 +0800 : qmuikit update
44da235 - chensheng12330, Fri Oct 18 20:42:22 2019 +0800 : pod更新
ce29a25 - chensheng12330, Fri Oct 18 20:41:31 2019 +0800 : 加入icloud云存储


----------------------------------------------------
[聚阅读] [1.2.1] [2019.10.23.1801] 
[2019年11月 8日 星期五 13时56分38秒 CST]
----------------------------------------------------
0810e1c - chensheng12330@gmail.com, Fri Nov 8 13:55:02 2019 +0800 : 1,由于QMUIKit携带有xacssets资料，导致pod资源打包脚本出现问题，无法正确的合并， 现解决方案： a.去掉-resources.sh中的xacssets合并脚本. b.删除主程中此资源的引用.
2bece09 - chensheng12330@gmail.com, Fri Nov 8 09:36:17 2019 +0800 : abc
bfc7321 - chensheng12330@gmail.com, Thu Nov 7 19:36:33 2019 +0800 : 回滚
21e506b - chensheng12330@gmail.com, Wed Oct 23 17:56:58 2019 +0800 : 1.调整工程目录结构 2.完成启动图标的正确显示.
8588cee - chensheng12330@gmail.com, Wed Oct 23 16:47:24 2019 +0800 : 启动图片无法显示.
9cc1336 - chensheng12330@gmail.com, Wed Oct 23 16:44:41 2019 +0800 : 工程修改 打包脚本


----------------------------------------------------
[聚阅读] [1.2.1] [2019.10.23.1801] 
[2019年11月 8日 星期五 14时04分28秒 CST]
----------------------------------------------------



----------------------------------------------------
[聚阅读] [1.2.2] [2019.11.14.1001] 
[2019年11月14日 星期四 10时05分05秒 CST]
----------------------------------------------------



----------------------------------------------------
[聚阅读] [1.2.2] [2019.11.14.1001] 
[2019年11月14日 星期四 18时01分23秒 CST]
----------------------------------------------------
ae64494 - chensheng12330@gmail.com, Thu Nov 14 10:58:09 2019 +0800 : 1.增加导航栏的优化操作体验.


----------------------------------------------------
[聚阅读] [1.2.2] [2020.09.21.1410] 
[2020年 9月21日 星期一 14时24分36秒 CST]
----------------------------------------------------
9d45cee - sherwin.chen, Tue Jul 14 15:26:50 2020 +0800 : add rss web project
92fa871 - chensheng12330@gmail.com, Mon Jul 6 14:59:55 2020 +0800 : 想优化web页面加载速度，但未能成功.
763547b - chensheng12330@gmail.com, Fri Nov 15 16:11:59 2019 +0800 : 1.添加文章分享到safai，可从safai以pdf方式保存到icloud文章夹中. 2.文章浏览添加前进、后退方式。 3.统一主题为苹果灰－蓝主题色.
63235ce - chensheng12330@gmail.com, Thu Nov 14 19:33:43 2019 +0800 : 优化工程配置.


----------------------------------------------------
[聚阅读] [1.2.2] [2020.09.21.1410] 
[2020年 9月21日 星期一 14时35分35秒 CST]
----------------------------------------------------



----------------------------------------------------
[聚阅读] [1.2.3] [2020.09.21.1510] 
[2020年 9月21日 星期一 14时55分03秒 CST]
----------------------------------------------------



----------------------------------------------------
[聚阅读] [1.2.5] [2021.01.07.1033] 
[2021年 1月 7日 星期四 10时37分52秒 CST]
----------------------------------------------------
d76a3a7 - sherwin.chen, Tue Dec 22 14:42:03 2020 +0800 : feat:添加webview内部滑动操作
8a45d83 - sherwin.chen, Tue Dec 15 20:45:03 2020 +0800 : fix: 1.修改服务问接口， 2.媒体分类使用请求。
5ee52af - sherwin.chen, Mon Oct 19 11:37:34 2020 +0800 : 文章详细页面，提供页面内部跳转逻辑.
2dc0952 - sherwin.chen, Mon Sep 21 14:56:48 2020 +0800 : 1.加入在线热门网站目录浏览， 2.网页图片保存功能  3.缓存更新。
